[2025-07-17T08:39:40.755955+00:00] fuel.INFO: process called with {"amount":500,"customer_id":1,"card_id":"1234567890123456","simulate":"","provider":"fastpay"} []
[2025-07-17T08:39:56.072585+00:00] fuel.INFO: process called with {"amount":500,"customer_id":1,"card_id":"1234567890123456","simulate":"","provider":"quickpay"} []
[2025-07-17T08:39:57.469071+00:00] fuel.INFO: process called with {"amount":500,"customer_id":1,"card_id":"1234567890123456","simulate":"","provider":"quickpay"} []
[2025-07-17T08:40:03.365285+00:00] fuel.INFO: process called with {"amount":500,"customer_id":1,"card_id":"1234567890123456","simulate":"","provider":"legacy"} []
[2025-07-17T08:41:08.950770+00:00] fuel.INFO: process called with {"amount":500,"customer_id":1,"card_id":"1234567890123456","simulate":"","provider":"legacy"} []
[2025-07-17T08:41:08.951896+00:00] fuel.INFO: LegacyProvider: 決済処理開始 {"amount":500,"customer_id":1,"card_id":"1234567890123456","simulate":""} []
[2025-07-17T08:41:09.976920+00:00] fuel.INFO: LegacyProvider: 決済処理完了 {"result":"dummy-success"} []
[2025-07-17T08:41:10.868241+00:00] fuel.INFO: process called with {"amount":500,"customer_id":1,"card_id":"1234567890123456","simulate":"","provider":"legacy"} []
[2025-07-17T08:41:10.868951+00:00] fuel.INFO: LegacyProvider: 決済処理開始 {"amount":500,"customer_id":1,"card_id":"1234567890123456","simulate":""} []
[2025-07-17T08:41:11.890450+00:00] fuel.INFO: LegacyProvider: 決済処理完了 {"result":"dummy-success"} []
[2025-07-17T08:41:12.479019+00:00] fuel.INFO: process called with {"amount":500,"customer_id":1,"card_id":"1234567890123456","simulate":"","provider":"legacy"} []
[2025-07-17T08:41:12.481687+00:00] fuel.INFO: LegacyProvider: 決済処理開始 {"amount":500,"customer_id":1,"card_id":"1234567890123456","simulate":""} []
[2025-07-17T08:41:14.228861+00:00] fuel.INFO: process called with {"amount":500,"customer_id":1,"card_id":"1234567890123456","simulate":"","provider":"legacy"} []
[2025-07-17T08:41:14.229485+00:00] fuel.INFO: LegacyProvider: 決済処理開始 {"amount":500,"customer_id":1,"card_id":"1234567890123456","simulate":""} []
[2025-07-17T08:41:15.260349+00:00] fuel.INFO: LegacyProvider: 決済処理完了 {"result":"dummy-success"} []
[2025-07-17T08:41:15.918867+00:00] fuel.INFO: process called with {"amount":500,"customer_id":1,"card_id":"1234567890123456","simulate":"","provider":"legacy"} []
[2025-07-17T08:41:15.919426+00:00] fuel.INFO: LegacyProvider: 決済処理開始 {"amount":500,"customer_id":1,"card_id":"1234567890123456","simulate":""} []
[2025-07-17T08:41:16.810347+00:00] fuel.INFO: process called with {"amount":500,"customer_id":1,"card_id":"1234567890123456","simulate":"","provider":"legacy"} []
[2025-07-17T08:41:16.810939+00:00] fuel.INFO: LegacyProvider: 決済処理開始 {"amount":500,"customer_id":1,"card_id":"1234567890123456","simulate":""} []
[2025-07-17T08:41:17.443564+00:00] fuel.INFO: process called with {"amount":500,"customer_id":1,"card_id":"1234567890123456","simulate":"","provider":"legacy"} []
[2025-07-17T08:41:17.444018+00:00] fuel.INFO: LegacyProvider: 決済処理開始 {"amount":500,"customer_id":1,"card_id":"1234567890123456","simulate":""} []
[2025-07-17T08:41:17.914157+00:00] fuel.INFO: process called with {"amount":500,"customer_id":1,"card_id":"1234567890123456","simulate":"","provider":"legacy"} []
[2025-07-17T08:41:17.914857+00:00] fuel.INFO: LegacyProvider: 決済処理開始 {"amount":500,"customer_id":1,"card_id":"1234567890123456","simulate":""} []
[2025-07-17T08:41:18.941252+00:00] fuel.INFO: LegacyProvider: 決済処理完了 {"result":"dummy-success"} []
[2025-07-17T08:41:20.282725+00:00] fuel.INFO: process called with {"amount":500,"customer_id":1,"card_id":"1234567890123456","simulate":"","provider":"legacy"} []
[2025-07-17T08:41:20.283462+00:00] fuel.INFO: LegacyProvider: 決済処理開始 {"amount":500,"customer_id":1,"card_id":"1234567890123456","simulate":""} []
[2025-07-17T08:41:21.308290+00:00] fuel.INFO: LegacyProvider: 決済処理完了 {"result":"dummy-success"} []
[2025-07-17T08:41:21.896766+00:00] fuel.INFO: process called with {"amount":500,"customer_id":1,"card_id":"1234567890123456","simulate":"","provider":"legacy"} []
[2025-07-17T08:41:21.897354+00:00] fuel.INFO: LegacyProvider: 決済処理開始 {"amount":500,"customer_id":1,"card_id":"1234567890123456","simulate":""} []
[2025-07-17T08:41:22.594345+00:00] fuel.INFO: process called with {"amount":500,"customer_id":1,"card_id":"1234567890123456","simulate":"","provider":"legacy"} []
[2025-07-17T08:41:22.594880+00:00] fuel.INFO: LegacyProvider: 決済処理開始 {"amount":500,"customer_id":1,"card_id":"1234567890123456","simulate":""} []
[2025-07-17T08:41:23.031096+00:00] fuel.INFO: process called with {"amount":500,"customer_id":1,"card_id":"1234567890123456","simulate":"","provider":"legacy"} []
[2025-07-17T08:41:23.031788+00:00] fuel.INFO: LegacyProvider: 決済処理開始 {"amount":500,"customer_id":1,"card_id":"1234567890123456","simulate":""} []
[2025-07-17T08:41:24.059240+00:00] fuel.INFO: LegacyProvider: 決済処理完了 {"result":"dummy-success"} []
[2025-07-17T08:41:24.238460+00:00] fuel.INFO: process called with {"amount":500,"customer_id":1,"card_id":"1234567890123456","simulate":"","provider":"legacy"} []
[2025-07-17T08:41:24.239008+00:00] fuel.INFO: LegacyProvider: 決済処理開始 {"amount":500,"customer_id":1,"card_id":"1234567890123456","simulate":""} []
[2025-07-17T08:41:24.545811+00:00] fuel.INFO: process called with {"amount":500,"customer_id":1,"card_id":"1234567890123456","simulate":"","provider":"legacy"} []
[2025-07-17T08:41:24.546628+00:00] fuel.INFO: LegacyProvider: 決済処理開始 {"amount":500,"customer_id":1,"card_id":"1234567890123456","simulate":""} []
[2025-07-17T08:41:25.561688+00:00] fuel.INFO: LegacyProvider: 決済処理完了 {"result":"dummy-success"} []
[2025-07-17T08:41:33.804743+00:00] fuel.INFO: process called with {"amount":500,"customer_id":1,"card_id":"1234567890123456","simulate":"","provider":"legacy"} []
[2025-07-17T08:41:33.805368+00:00] fuel.INFO: LegacyProvider: 決済処理開始 {"amount":500,"customer_id":1,"card_id":"1234567890123456","simulate":""} []
[2025-07-17T08:41:34.513811+00:00] fuel.INFO: process called with {"amount":500,"customer_id":1,"card_id":"1234567890123456","simulate":"","provider":"legacy"} []
[2025-07-17T08:41:34.514445+00:00] fuel.INFO: LegacyProvider: 決済処理開始 {"amount":500,"customer_id":1,"card_id":"1234567890123456","simulate":""} []
[2025-07-17T08:41:35.128300+00:00] fuel.INFO: process called with {"amount":500,"customer_id":1,"card_id":"1234567890123456","simulate":"","provider":"legacy"} []
[2025-07-17T08:41:35.128905+00:00] fuel.INFO: LegacyProvider: 決済処理開始 {"amount":500,"customer_id":1,"card_id":"1234567890123456","simulate":""} []
[2025-07-17T08:41:36.154284+00:00] fuel.INFO: LegacyProvider: 決済処理完了 {"result":"dummy-success"} []
[2025-07-17T08:47:43.064439+00:00] fuel.INFO: process called with {"amount":500,"customer_id":1,"card_id":"1234567890123456","simulate":"","provider":"legacy"} []
[2025-07-17T08:47:43.064926+00:00] fuel.INFO: LegacyProvider: 決済処理開始 {"amount":500,"customer_id":1,"card_id":"1234567890123456","simulate":""} []
[2025-07-17T08:47:44.086000+00:00] fuel.INFO: LegacyProvider: 決済処理完了 {"result":"dummy-success"} []
[2025-07-17T08:47:44.887687+00:00] fuel.INFO: process called with {"amount":500,"customer_id":1,"card_id":"1234567890123456","simulate":"","provider":"legacy"} []
[2025-07-17T08:47:44.888723+00:00] fuel.INFO: LegacyProvider: 決済処理開始 {"amount":500,"customer_id":1,"card_id":"1234567890123456","simulate":""} []
[2025-07-17T08:47:45.680151+00:00] fuel.INFO: process called with {"amount":500,"customer_id":1,"card_id":"1234567890123456","simulate":"","provider":"legacy"} []
[2025-07-17T08:47:45.680603+00:00] fuel.INFO: LegacyProvider: 決済処理開始 {"amount":500,"customer_id":1,"card_id":"1234567890123456","simulate":""} []
[2025-07-17T08:47:46.705810+00:00] fuel.INFO: LegacyProvider: 決済処理完了 {"result":"dummy-success"} []
[2025-07-17T08:47:47.277066+00:00] fuel.INFO: process called with {"amount":500,"customer_id":1,"card_id":"1234567890123456","simulate":"","provider":"legacy"} []
[2025-07-17T08:47:47.278030+00:00] fuel.INFO: LegacyProvider: 決済処理開始 {"amount":500,"customer_id":1,"card_id":"1234567890123456","simulate":""} []
[2025-07-17T08:47:48.302641+00:00] fuel.INFO: LegacyProvider: 決済処理完了 {"result":"dummy-success"} []
[2025-07-17T08:47:48.940996+00:00] fuel.INFO: process called with {"amount":500,"customer_id":1,"card_id":"1234567890123456","simulate":"","provider":"legacy"} []
[2025-07-17T08:47:48.941717+00:00] fuel.INFO: LegacyProvider: 決済処理開始 {"amount":500,"customer_id":1,"card_id":"1234567890123456","simulate":""} []
[2025-07-17T08:47:49.614740+00:00] fuel.INFO: process called with {"amount":500,"customer_id":1,"card_id":"1234567890123456","simulate":"","provider":"legacy"} []
[2025-07-17T08:47:49.615362+00:00] fuel.INFO: LegacyProvider: 決済処理開始 {"amount":500,"customer_id":1,"card_id":"1234567890123456","simulate":""} []
[2025-07-17T08:47:50.269663+00:00] fuel.INFO: process called with {"amount":500,"customer_id":1,"card_id":"1234567890123456","simulate":"","provider":"legacy"} []
[2025-07-17T08:47:50.270602+00:00] fuel.INFO: LegacyProvider: 決済処理開始 {"amount":500,"customer_id":1,"card_id":"1234567890123456","simulate":""} []
[2025-07-17T08:47:50.967803+00:00] fuel.INFO: process called with {"amount":500,"customer_id":1,"card_id":"1234567890123456","simulate":"","provider":"legacy"} []
[2025-07-17T08:47:50.968382+00:00] fuel.INFO: LegacyProvider: 決済処理開始 {"amount":500,"customer_id":1,"card_id":"1234567890123456","simulate":""} []
[2025-07-17T08:47:51.991159+00:00] fuel.INFO: LegacyProvider: 決済処理完了 {"result":"dummy-success"} []
[2025-07-17T08:47:52.558052+00:00] fuel.INFO: process called with {"amount":500,"customer_id":1,"card_id":"1234567890123456","simulate":"","provider":"legacy"} []
[2025-07-17T08:47:52.558562+00:00] fuel.INFO: LegacyProvider: 決済処理開始 {"amount":500,"customer_id":1,"card_id":"1234567890123456","simulate":""} []
[2025-07-17T08:47:53.333097+00:00] fuel.INFO: process called with {"amount":500,"customer_id":1,"card_id":"1234567890123456","simulate":"","provider":"legacy"} []
[2025-07-17T08:47:53.333844+00:00] fuel.INFO: LegacyProvider: 決済処理開始 {"amount":500,"customer_id":1,"card_id":"1234567890123456","simulate":""} []
[2025-07-17T08:47:53.930301+00:00] fuel.INFO: process called with {"amount":500,"customer_id":1,"card_id":"1234567890123456","simulate":"","provider":"legacy"} []
[2025-07-17T08:47:53.930885+00:00] fuel.INFO: LegacyProvider: 決済処理開始 {"amount":500,"customer_id":1,"card_id":"1234567890123456","simulate":""} []
[2025-07-17T08:47:54.949374+00:00] fuel.INFO: LegacyProvider: 決済処理完了 {"result":"dummy-success"} []
[2025-07-17T08:47:55.700796+00:00] fuel.INFO: process called with {"amount":500,"customer_id":1,"card_id":"1234567890123456","simulate":"","provider":"legacy"} []
[2025-07-17T08:47:55.701410+00:00] fuel.INFO: LegacyProvider: 決済処理開始 {"amount":500,"customer_id":1,"card_id":"1234567890123456","simulate":""} []
[2025-07-17T08:47:56.337968+00:00] fuel.INFO: process called with {"amount":500,"customer_id":1,"card_id":"1234567890123456","simulate":"","provider":"legacy"} []
[2025-07-17T08:47:56.338518+00:00] fuel.INFO: LegacyProvider: 決済処理開始 {"amount":500,"customer_id":1,"card_id":"1234567890123456","simulate":""} []
[2025-07-17T08:47:56.775885+00:00] fuel.INFO: process called with {"amount":500,"customer_id":1,"card_id":"1234567890123456","simulate":"","provider":"legacy"} []
[2025-07-17T08:47:56.776476+00:00] fuel.INFO: LegacyProvider: 決済処理開始 {"amount":500,"customer_id":1,"card_id":"1234567890123456","simulate":""} []
[2025-07-17T08:47:57.798526+00:00] fuel.INFO: LegacyProvider: 決済処理完了 {"result":"dummy-success"} []
[2025-07-17T10:03:32.962979+00:00] fuel.INFO: process called with {"amount":500,"customer_id":1,"card_id":"1234567890123456","simulate":"","provider":"legacy"} []
[2025-07-17T10:03:32.964352+00:00] fuel.INFO: LegacyProvider: 決済処理開始 {"amount":500,"customer_id":1,"card_id":"1234567890123456","simulate":""} []
[2025-07-17T10:03:33.993074+00:00] fuel.INFO: LegacyProvider: 決済処理完了 {"result":"dummy-success"} []
[2025-07-17T10:03:34.741142+00:00] fuel.INFO: process called with {"amount":500,"customer_id":1,"card_id":"1234567890123456","simulate":"","provider":"legacy"} []
[2025-07-17T10:03:34.741667+00:00] fuel.INFO: LegacyProvider: 決済処理開始 {"amount":500,"customer_id":1,"card_id":"1234567890123456","simulate":""} []
[2025-07-17T10:03:35.753805+00:00] fuel.INFO: LegacyProvider: 決済処理完了 {"result":"dummy-success"} []
[2025-07-17T10:03:36.133081+00:00] fuel.INFO: process called with {"amount":500,"customer_id":1,"card_id":"1234567890123456","simulate":"","provider":"legacy"} []
[2025-07-17T10:03:36.133636+00:00] fuel.INFO: LegacyProvider: 決済処理開始 {"amount":500,"customer_id":1,"card_id":"1234567890123456","simulate":""} []
[2025-07-17T10:03:37.014235+00:00] fuel.INFO: process called with {"amount":500,"customer_id":1,"card_id":"1234567890123456","simulate":"","provider":"legacy"} []
[2025-07-17T10:03:37.014782+00:00] fuel.INFO: LegacyProvider: 決済処理開始 {"amount":500,"customer_id":1,"card_id":"1234567890123456","simulate":""} []
[2025-07-17T10:03:38.030960+00:00] fuel.INFO: LegacyProvider: 決済処理完了 {"result":"dummy-success"} []
[2025-07-17T10:03:38.618007+00:00] fuel.INFO: process called with {"amount":500,"customer_id":1,"card_id":"1234567890123456","simulate":"","provider":"legacy"} []
[2025-07-17T10:03:38.618572+00:00] fuel.INFO: LegacyProvider: 決済処理開始 {"amount":500,"customer_id":1,"card_id":"1234567890123456","simulate":""} []
[2025-07-17T10:03:41.782131+00:00] fuel.INFO: process called with {"amount":500,"customer_id":1,"card_id":"1234567890123456","simulate":"","provider":"legacy"} []
[2025-07-17T10:03:41.782685+00:00] fuel.INFO: LegacyProvider: 決済処理開始 {"amount":500,"customer_id":1,"card_id":"1234567890123456","simulate":""} []
[2025-07-17T10:03:42.805503+00:00] fuel.INFO: LegacyProvider: 決済処理完了 {"result":"dummy-success"} []
[2025-07-17T10:09:34.071933+00:00] fuel.INFO: process called with {"amount":500,"customer_id":1,"card_id":"1234567890123456","simulate":"","provider":"legacy"} []
[2025-07-17T10:09:34.072536+00:00] fuel.INFO: LegacyProvider: 決済処理開始 {"amount":500,"customer_id":1,"card_id":"1234567890123456","simulate":""} []
[2025-07-17T10:09:35.087949+00:00] fuel.INFO: LegacyProvider: 決済処理完了 {"result":"dummy-success"} []
[2025-07-17T10:09:53.487384+00:00] fuel.INFO: process called with {"amount":500,"customer_id":1,"card_id":"1234567890123456","simulate":"","provider":"quickpay"} []
[2025-07-17T10:09:53.488157+00:00] fuel.INFO: QuickpayProvider: 決済処理開始 {"amount":500,"customer_id":1,"card_id":"1234567890123456","simulate":""} []
[2025-07-17T10:09:53.590888+00:00] fuel.INFO: QuickpayProvider: 決済処理完了 {"result":"dummy-success"} []
[2025-07-17T10:09:54.649143+00:00] fuel.INFO: process called with {"amount":500,"customer_id":1,"card_id":"1234567890123456","simulate":"","provider":"quickpay"} []
[2025-07-17T10:09:54.649602+00:00] fuel.INFO: QuickpayProvider: 決済処理開始 {"amount":500,"customer_id":1,"card_id":"1234567890123456","simulate":""} []
[2025-07-17T10:09:54.752624+00:00] fuel.INFO: QuickpayProvider: 決済処理完了 {"result":"dummy-success"} []
[2025-07-17T10:09:55.530611+00:00] fuel.INFO: process called with {"amount":500,"customer_id":1,"card_id":"1234567890123456","simulate":"","provider":"quickpay"} []
[2025-07-17T10:09:55.531330+00:00] fuel.INFO: QuickpayProvider: 決済処理開始 {"amount":500,"customer_id":1,"card_id":"1234567890123456","simulate":""} []
[2025-07-17T10:09:55.634162+00:00] fuel.INFO: QuickpayProvider: 決済処理完了 {"result":"dummy-success"} []
[2025-07-17T10:09:59.391106+00:00] fuel.INFO: process called with {"amount":500,"customer_id":1,"card_id":"1234567890123456","simulate":"","provider":"legacy"} []
[2025-07-17T10:09:59.391672+00:00] fuel.INFO: LegacyProvider: 決済処理開始 {"amount":500,"customer_id":1,"card_id":"1234567890123456","simulate":""} []
[2025-07-17T10:10:00.400981+00:00] fuel.INFO: LegacyProvider: 決済処理完了 {"result":"dummy-success"} []
[2025-07-17T10:10:01.503983+00:00] fuel.INFO: process called with {"amount":500,"customer_id":1,"card_id":"1234567890123456","simulate":"","provider":"legacy"} []
[2025-07-17T10:10:01.504962+00:00] fuel.INFO: LegacyProvider: 決済処理開始 {"amount":500,"customer_id":1,"card_id":"1234567890123456","simulate":""} []
